<?xml version="1.0"?>
<project name="ics-test-report" default="analyze" basedir=".">
    <!-- Perform any initialization that is needed, such as reading property files and setting up timestamps  -->
    <target name="init">
        <taskdef resource="net/sf/antcontrib/antlib.xml"/>

        <if>
            <os family="windows"/>
            <then>
                <echo message="Using win32_environment.properties"/>
                <property name="environment.properties" value="win32_environment.properties"/>
            </then>
            <elseif>
                <os family="unix"/>
                <then>
                    <echo message="Reading in unix_environment.properties"/>
                    <property name="environment.properties" value="unix_environment.properties"/>
                </then>
            </elseif>
            <else>
                <fail message="Build platform not supported: ${os.name}"/>
            </else>
        </if>

        <property file="${environment.properties}"/>
        <property file="${id_file.dir}/com/amfam/ics/properties/ics_access.properties"/>
        <property file="${id_file.dir}/com/amfam/cvs/access.properties"/>

        <loadfile property="projects" srcFile="project_list.txt">
          <filterchain>
            <prefixlines prefix=","/>
            <striplinebreaks/>
          </filterchain>
        </loadfile>

        <tstamp>
            <format property="DSTAMP" pattern="yyyyMMdd"/>
            <format property="TSTAMP" pattern="yyyyMMdd_hhmmaa"/>
            <format property="TSTAMP_FORMATED" pattern="yyyy-MM-dd HH:mm"/>
        </tstamp>
    </target>

    <target name="analyze" depends="init" description="Run the given analysis tool over the source code">
        <record name="${basedir}/testprocess-${toolName}.log" action="start" append="no" loglevel="${loglevel}"/>

        <echo message="Build started at ${TSTAMP_FORMATED}"/>

        <ant antfile="process-${toolName}/build.xml" inheritall="false">
            <property name="build_home.dir" value="${basedir}"/>
            <property file="project_versions.properties"/>
            <property file="${environment.properties}"/>
            <property name="projects" value="${projects}"/>

            <property name="cvs_userid" value="${cvs_userid}"/>
            <property name="cvs_password" value="${cvs_password}"/>
        </ant>
    </target>
</project>
